  [1m[35m (221.1ms)[0m  [1m[35mCREATE DATABASE "ninety_nine_cats_development" ENCODING = 'unicode'[0m
  ↳ bin/rails:9
  [1m[35m (73.6ms)[0m  [1m[35mCREATE DATABASE "ninety_nine_cats_test" ENCODING = 'unicode'[0m
  ↳ bin/rails:9
  [1m[35m (1.3ms)[0m  [1m[35mCREATE DATABASE "ninety_nine_cats_development" ENCODING = 'unicode'[0m
  ↳ bin/rails:9
  [1m[35m (1.4ms)[0m  [1m[35mCREATE DATABASE "ninety_nine_cats_test" ENCODING = 'unicode'[0m
  ↳ bin/rails:9
  [1m[35m (13.4ms)[0m  [1m[35mCREATE TABLE "schema_migrations" ("version" character varying NOT NULL PRIMARY KEY)[0m
  ↳ bin/rails:9
  [1m[35m (13.2ms)[0m  [1m[35mCREATE TABLE "ar_internal_metadata" ("key" character varying NOT NULL PRIMARY KEY, "value" character varying, "created_at" timestamp NOT NULL, "updated_at" timestamp NOT NULL)[0m
  ↳ bin/rails:9
  [1m[35m (0.2ms)[0m  [1m[34mSELECT pg_try_advisory_lock(723150122408807205)[0m
  ↳ bin/rails:9
  [1m[35m (1.2ms)[0m  [1m[34mSELECT "schema_migrations"."version" FROM "schema_migrations" ORDER BY "schema_migrations"."version" ASC[0m
  ↳ bin/rails:9
Migrating to CreateCats (20201009175711)
  [1m[35m (0.3ms)[0m  [1m[35mBEGIN[0m
  ↳ bin/rails:9
  [1m[35m (42.1ms)[0m  [1m[35mCREATE TABLE "cats" ("id" bigserial primary key, "birth_date" date NOT NULL, "color" character varying NOT NULL, "name" character varying NOT NULL, "sex" character varying(1) NOT NULL, "description" text NOT NULL, "created_at" timestamp NOT NULL, "updated_at" timestamp NOT NULL)[0m
  ↳ db/migrate/20201009175711_create_cats.rb:3
  [1m[36mActiveRecord::SchemaMigration Create (0.9ms)[0m  [1m[32mINSERT INTO "schema_migrations" ("version") VALUES ($1) RETURNING "version"[0m  [["version", "20201009175711"]]
  ↳ bin/rails:9
  [1m[35m (0.3ms)[0m  [1m[35mCOMMIT[0m
  ↳ bin/rails:9
  [1m[36mActiveRecord::InternalMetadata Load (0.3ms)[0m  [1m[34mSELECT  "ar_internal_metadata".* FROM "ar_internal_metadata" WHERE "ar_internal_metadata"."key" = $1 LIMIT $2[0m  [["key", "environment"], ["LIMIT", 1]]
  ↳ bin/rails:9
  [1m[35m (0.1ms)[0m  [1m[35mBEGIN[0m
  ↳ bin/rails:9
  [1m[36mActiveRecord::InternalMetadata Create (1.1ms)[0m  [1m[32mINSERT INTO "ar_internal_metadata" ("key", "value", "created_at", "updated_at") VALUES ($1, $2, $3, $4) RETURNING "key"[0m  [["key", "environment"], ["value", "development"], ["created_at", "2020-10-09 18:33:38.176108"], ["updated_at", "2020-10-09 18:33:38.176108"]]
  ↳ bin/rails:9
  [1m[35m (0.7ms)[0m  [1m[35mCOMMIT[0m
  ↳ bin/rails:9
  [1m[35m (0.3ms)[0m  [1m[34mSELECT pg_advisory_unlock(723150122408807205)[0m
  ↳ bin/rails:9
  [1m[35m (0.2ms)[0m  [1m[34mSELECT "schema_migrations"."version" FROM "schema_migrations" ORDER BY "schema_migrations"."version" ASC[0m
  ↳ bin/rails:9
  [1m[35m (1.0ms)[0m  [1m[34mSELECT "schema_migrations"."version" FROM "schema_migrations" ORDER BY "schema_migrations"."version" ASC[0m
  ↳ /Users/michellelin/.rbenv/versions/2.7.1/bin/annotate:23
  [1m[35m (0.1ms)[0m  [1m[35mBEGIN[0m
  [1m[35m (0.2ms)[0m  [1m[31mROLLBACK[0m
  [1m[35m (0.1ms)[0m  [1m[35mBEGIN[0m
  [1m[35m (0.2ms)[0m  [1m[31mROLLBACK[0m
  [1m[35m (0.1ms)[0m  [1m[35mBEGIN[0m
  [1m[35m (0.2ms)[0m  [1m[31mROLLBACK[0m
Started GET "/" for ::1 at 2020-10-09 16:21:25 -0400
  [1m[35m (0.8ms)[0m  [1m[34mSELECT "schema_migrations"."version" FROM "schema_migrations" ORDER BY "schema_migrations"."version" ASC[0m
  ↳ /Users/michellelin/.rbenv/versions/2.7.1/lib/ruby/gems/2.7.0/gems/activerecord-5.2.4.4/lib/active_record/log_subscriber.rb:98
Processing by Rails::WelcomeController#index as HTML
  Rendering /Users/michellelin/.rbenv/versions/2.7.1/lib/ruby/gems/2.7.0/gems/railties-5.2.4.4/lib/rails/templates/rails/welcome/index.html.erb
  Rendered /Users/michellelin/.rbenv/versions/2.7.1/lib/ruby/gems/2.7.0/gems/railties-5.2.4.4/lib/rails/templates/rails/welcome/index.html.erb (4.3ms)
Completed 200 OK in 20ms (Views: 13.4ms | ActiveRecord: 0.0ms)


Started GET "/cats" for ::1 at 2020-10-09 16:21:57 -0400

LoadError - Unable to autoload constant CatsController, expected /Users/michellelin/Desktop/ninety_nine_cats/app/controllers/cats_controller.rb to define it:

Started POST "/__better_errors/b3ddeac5581b1cc4/variables" for ::1 at 2020-10-09 16:21:57 -0400
Started GET "/cats" for 127.0.0.1 at 2020-10-09 16:21:59 -0400

LoadError - Unable to autoload constant CatsController, expected /Users/michellelin/Desktop/ninety_nine_cats/app/controllers/cats_controller.rb to define it:

Started GET "/cats" for ::1 at 2020-10-09 16:22:46 -0400

LoadError - Unable to autoload constant CatsController, expected /Users/michellelin/Desktop/ninety_nine_cats/app/controllers/cats_controller.rb to define it:

Started POST "/__better_errors/c3d9932ad3d75868/variables" for ::1 at 2020-10-09 16:22:46 -0400
Started GET "/cats" for ::1 at 2020-10-09 16:23:12 -0400

LoadError - Unable to autoload constant CatsController, expected /Users/michellelin/Desktop/ninety_nine_cats/app/controllers/cats_controller.rb to define it:

Started POST "/__better_errors/337885e6e8631f58/variables" for ::1 at 2020-10-09 16:23:12 -0400
Started GET "/cats" for ::1 at 2020-10-09 16:24:26 -0400
Processing by CatsController#index as HTML
  Rendering cats/index.html.erb within layouts/application
  [1m[36mCat Load (1.4ms)[0m  [1m[34mSELECT "cats".* FROM "cats"[0m
  ↳ app/views/cats/index.html.erb:4
  Rendered cats/index.html.erb within layouts/application (7.1ms)
Completed 200 OK in 438ms (Views: 428.7ms | ActiveRecord: 4.3ms)


  [1m[35m (0.8ms)[0m  [1m[34mSELECT "schema_migrations"."version" FROM "schema_migrations" ORDER BY "schema_migrations"."version" ASC[0m
  ↳ bin/rails:9
  [1m[35m (0.2ms)[0m  [1m[35mBEGIN[0m
  ↳ db/seeds.rb:22
  [1m[36mCat Create (1.0ms)[0m  [1m[32mINSERT INTO "cats" ("birth_date", "color", "name", "sex", "description", "created_at", "updated_at") VALUES ($1, $2, $3, $4, $5, $6, $7) RETURNING "id"[0m  [["birth_date", "2018-03-10"], ["color", "white"], ["name", "miumiu"], ["sex", "M"], ["description", "Michelle's cat, hahaha"], ["created_at", "2020-10-09 20:29:46.189093"], ["updated_at", "2020-10-09 20:29:46.189093"]]
  ↳ db/seeds.rb:22
  [1m[35m (0.3ms)[0m  [1m[35mCOMMIT[0m
  ↳ db/seeds.rb:22
  [1m[35m (0.2ms)[0m  [1m[35mBEGIN[0m
  ↳ db/seeds.rb:23
  [1m[36mCat Create (0.6ms)[0m  [1m[32mINSERT INTO "cats" ("birth_date", "color", "name", "sex", "description", "created_at", "updated_at") VALUES ($1, $2, $3, $4, $5, $6, $7) RETURNING "id"[0m  [["birth_date", "2005-01-07"], ["color", "red"], ["name", "Neko"], ["sex", "F"], ["description", "a neko of all nekos"], ["created_at", "2020-10-09 20:29:46.192736"], ["updated_at", "2020-10-09 20:29:46.192736"]]
  ↳ db/seeds.rb:23
  [1m[35m (0.3ms)[0m  [1m[35mCOMMIT[0m
  ↳ db/seeds.rb:23
Started GET "/cats" for ::1 at 2020-10-09 16:29:59 -0400
Processing by CatsController#index as HTML
  Rendering cats/index.html.erb within layouts/application
  [1m[36mCat Load (0.7ms)[0m  [1m[34mSELECT "cats".* FROM "cats"[0m
  ↳ app/views/cats/index.html.erb:4
  Rendered cats/index.html.erb within layouts/application (18.9ms)
Completed 200 OK in 29ms (Views: 22.8ms | ActiveRecord: 6.0ms)


Started GET "/cats" for ::1 at 2020-10-09 16:30:28 -0400
Processing by CatsController#index as HTML
  Rendering cats/index.html.erb within layouts/application
  [1m[36mCat Load (0.3ms)[0m  [1m[34mSELECT "cats".* FROM "cats"[0m
  ↳ app/views/cats/index.html.erb:4
  Rendered cats/index.html.erb within layouts/application (255.8ms)
Completed 500 Internal Server Error in 258ms (ActiveRecord: 0.3ms)



NameError - undefined local variable or method `cats' for #<#<Class:0x00007ffbd8941868>:0x00007ffbea23f3a0>
Did you mean?  cat
               @cats:
  app/views/cats/index.html.erb:8:in `block in _app_views_cats_index_html_erb___4297133680707228628_17080'
  app/views/cats/index.html.erb:4:in `_app_views_cats_index_html_erb___4297133680707228628_17080'
  app/controllers/cats_controller.rb:5:in `index'

Started POST "/__better_errors/f75bdf0f1d8bfe1a/variables" for ::1 at 2020-10-09 16:30:29 -0400
Started GET "/cats" for ::1 at 2020-10-09 16:30:38 -0400
Processing by CatsController#index as HTML
  Rendering cats/index.html.erb within layouts/application
  [1m[36mCat Load (0.6ms)[0m  [1m[34mSELECT "cats".* FROM "cats"[0m
  ↳ app/views/cats/index.html.erb:4
  Rendered cats/index.html.erb within layouts/application (2.3ms)
Completed 200 OK in 20ms (Views: 18.7ms | ActiveRecord: 0.6ms)


Started GET "/cats" for ::1 at 2020-10-09 16:31:22 -0400
Processing by CatsController#index as HTML
  Rendering cats/index.html.erb within layouts/application
  [1m[36mCat Load (0.4ms)[0m  [1m[34mSELECT "cats".* FROM "cats"[0m
  ↳ app/views/cats/index.html.erb:4
  Rendered cats/index.html.erb within layouts/application (339.0ms)
Completed 500 Internal Server Error in 341ms (ActiveRecord: 0.4ms)



NameError - undefined local variable or method `cats' for #<#<Class:0x00007ffbd8941868>:0x00007ffbf0396a68>
Did you mean?  @cats:
  app/views/cats/index.html.erb:10:in `_app_views_cats_index_html_erb___4297133680707228628_17340'
  app/controllers/cats_controller.rb:5:in `index'

Started POST "/__better_errors/a8d888f5e325628b/variables" for ::1 at 2020-10-09 16:31:22 -0400
Started GET "/cats" for ::1 at 2020-10-09 16:31:36 -0400
Processing by CatsController#index as HTML
  Rendering cats/index.html.erb within layouts/application
  [1m[36mCat Load (0.5ms)[0m  [1m[34mSELECT "cats".* FROM "cats"[0m
  ↳ app/views/cats/index.html.erb:4
  Rendered cats/index.html.erb within layouts/application (350.4ms)
Completed 500 Internal Server Error in 352ms (ActiveRecord: 0.5ms)



NameError - undefined local variable or method `cat' for #<#<Class:0x00007ffbd8941868>:0x00007ffbd8d8b6a8>
Did you mean?  @cats:
  app/views/cats/index.html.erb:10:in `_app_views_cats_index_html_erb___4297133680707228628_17420'
  app/controllers/cats_controller.rb:5:in `index'

Started POST "/__better_errors/9f9a6faecea74f87/variables" for ::1 at 2020-10-09 16:31:36 -0400
Started GET "/cats" for ::1 at 2020-10-09 16:31:45 -0400
Processing by CatsController#index as HTML
  Rendering cats/index.html.erb within layouts/application
  [1m[36mCat Load (0.3ms)[0m  [1m[34mSELECT "cats".* FROM "cats"[0m
  ↳ app/views/cats/index.html.erb:4
  Rendered cats/index.html.erb within layouts/application (295.8ms)
Completed 500 Internal Server Error in 298ms (ActiveRecord: 0.3ms)



NameError - undefined local variable or method `cat' for #<#<Class:0x00007ffbd8941868>:0x00007ffbd83599f0>
Did you mean?  @cats:
  app/views/cats/index.html.erb:10:in `_app_views_cats_index_html_erb___4297133680707228628_17500'
  app/controllers/cats_controller.rb:5:in `index'

Started POST "/__better_errors/706ced04403bacc0/variables" for ::1 at 2020-10-09 16:31:45 -0400
Started GET "/cats" for ::1 at 2020-10-09 16:32:14 -0400
Processing by CatsController#index as HTML
  Rendering cats/index.html.erb within layouts/application
  [1m[36mCat Load (0.3ms)[0m  [1m[34mSELECT "cats".* FROM "cats"[0m
  ↳ app/views/cats/index.html.erb:4
  Rendered cats/index.html.erb within layouts/application (195.6ms)
Completed 500 Internal Server Error in 198ms (ActiveRecord: 0.3ms)



NameError - undefined local variable or method `cats' for #<#<Class:0x00007ffbd8941868>:0x00007ffba8f456b8>
Did you mean?  cat
               @cats:
  app/views/cats/index.html.erb:8:in `block in _app_views_cats_index_html_erb___4297133680707228628_17560'
  app/views/cats/index.html.erb:4:in `_app_views_cats_index_html_erb___4297133680707228628_17560'
  app/controllers/cats_controller.rb:5:in `index'

Started POST "/__better_errors/1d2ba5052fccfa68/variables" for ::1 at 2020-10-09 16:32:14 -0400
Started GET "/cats" for ::1 at 2020-10-09 16:32:33 -0400
Processing by CatsController#index as HTML
  Rendering cats/index.html.erb within layouts/application
  [1m[36mCat Load (0.3ms)[0m  [1m[34mSELECT "cats".* FROM "cats"[0m
  ↳ app/views/cats/index.html.erb:4
  Rendered cats/index.html.erb within layouts/application (1.9ms)
Completed 200 OK in 18ms (Views: 17.3ms | ActiveRecord: 0.3ms)


Started GET "/cats/1" for ::1 at 2020-10-09 16:32:58 -0400
Processing by CatsController#show as HTML
  Parameters: {"id"=>"1"}
Completed 406 Not Acceptable in 31ms (ActiveRecord: 0.0ms)



ActionController::UnknownFormat - CatsController#show is missing a template for this request format and variant.
request.formats: ["text/html"]
request.variant: []
NOTE! For XHR/Ajax or API requests, this action would normally respond with 204 No Content: an empty white screen. Since you're loading it in a web browser, we assume that you expected to actually render a template, not nothing, so we're showing an error to be extra-clear. If you expect 204 No Content, carry on. That's what you'll get from an XHR or API request. Give it a shot.:

Started POST "/__better_errors/aaead5bd5d81b27b/variables" for ::1 at 2020-10-09 16:32:58 -0400
Started GET "/cats" for ::1 at 2020-10-09 16:33:00 -0400
Processing by CatsController#index as HTML
  Rendering cats/index.html.erb within layouts/application
  [1m[36mCat Load (0.3ms)[0m  [1m[34mSELECT "cats".* FROM "cats"[0m
  ↳ app/views/cats/index.html.erb:4
  Rendered cats/index.html.erb within layouts/application (1.3ms)
Completed 200 OK in 16ms (Views: 15.0ms | ActiveRecord: 0.3ms)


Started GET "/cats" for ::1 at 2020-10-09 16:43:53 -0400
Processing by CatsController#index as HTML
  Rendering cats/index.html.erb within layouts/application
  [1m[36mCat Load (0.9ms)[0m  [1m[34mSELECT "cats".* FROM "cats"[0m
  ↳ app/views/cats/index.html.erb:4
  Rendered cats/index.html.erb within layouts/application (19.4ms)
Completed 200 OK in 34ms (Views: 19.8ms | ActiveRecord: 11.5ms)


Started GET "/cats/2" for ::1 at 2020-10-09 16:43:56 -0400
Processing by CatsController#show as HTML
  Parameters: {"id"=>"2"}
  [1m[36mCat Load (0.4ms)[0m  [1m[34mSELECT  "cats".* FROM "cats" WHERE "cats"."id" = $1 LIMIT $2[0m  [["id", 2], ["LIMIT", 1]]
  ↳ app/controllers/cats_controller.rb:18
  Rendering cats/show.html.erb within layouts/application
  Rendered cats/show.html.erb within layouts/application (85.7ms)
Completed 500 Internal Server Error in 92ms (ActiveRecord: 0.6ms)



NoMethodError - undefined method `edit_drop_url' for #<#<Class:0x00007ffbd82fec58>:0x00007ffba8f70930>
Did you mean?  edit_cat_url:
  app/views/cats/show.html.erb:22:in `_app_views_cats_show_html_erb___3473873527374056450_20280'
  app/controllers/cats_controller.rb:19:in `show'

Started POST "/__better_errors/f4f504943fd83fbe/variables" for ::1 at 2020-10-09 16:43:56 -0400
Started GET "/cats/2" for ::1 at 2020-10-09 16:46:21 -0400
Processing by CatsController#show as HTML
  Parameters: {"id"=>"2"}
  [1m[36mCat Load (0.4ms)[0m  [1m[34mSELECT  "cats".* FROM "cats" WHERE "cats"."id" = $1 LIMIT $2[0m  [["id", 2], ["LIMIT", 1]]
  ↳ app/controllers/cats_controller.rb:18
  Rendering cats/show.html.erb within layouts/application
  Rendered cats/show.html.erb within layouts/application (1.3ms)
Completed 200 OK in 19ms (Views: 17.8ms | ActiveRecord: 0.4ms)


Started GET "/cats/2" for ::1 at 2020-10-09 16:47:01 -0400
Processing by CatsController#show as HTML
  Parameters: {"id"=>"2"}
  [1m[36mCat Load (0.3ms)[0m  [1m[34mSELECT  "cats".* FROM "cats" WHERE "cats"."id" = $1 LIMIT $2[0m  [["id", 2], ["LIMIT", 1]]
  ↳ app/controllers/cats_controller.rb:18
  Rendering cats/show.html.erb within layouts/application
  Rendered cats/show.html.erb within layouts/application (1.0ms)
Completed 200 OK in 15ms (Views: 14.3ms | ActiveRecord: 0.3ms)


Started GET "/cats/2" for ::1 at 2020-10-09 16:48:05 -0400
Processing by CatsController#show as HTML
  Parameters: {"id"=>"2"}
  [1m[36mCat Load (1.2ms)[0m  [1m[34mSELECT  "cats".* FROM "cats" WHERE "cats"."id" = $1 LIMIT $2[0m  [["id", 2], ["LIMIT", 1]]
  ↳ app/controllers/cats_controller.rb:18
  Rendering cats/show.html.erb within layouts/application
  Rendered cats/show.html.erb within layouts/application (0.7ms)
Completed 200 OK in 15ms (Views: 12.5ms | ActiveRecord: 1.2ms)


Started GET "/cats/2" for ::1 at 2020-10-09 16:49:17 -0400
Processing by CatsController#show as HTML
  Parameters: {"id"=>"2"}
  [1m[36mCat Load (0.3ms)[0m  [1m[34mSELECT  "cats".* FROM "cats" WHERE "cats"."id" = $1 LIMIT $2[0m  [["id", 2], ["LIMIT", 1]]
  ↳ app/controllers/cats_controller.rb:18
  Rendering cats/show.html.erb within layouts/application
  Rendered cats/show.html.erb within layouts/application (0.6ms)
Completed 200 OK in 13ms (Views: 12.0ms | ActiveRecord: 0.3ms)


Started GET "/cats/2" for ::1 at 2020-10-09 16:54:13 -0400
Processing by CatsController#show as HTML
  Parameters: {"id"=>"2"}
  [1m[36mCat Load (1.1ms)[0m  [1m[34mSELECT  "cats".* FROM "cats" WHERE "cats"."id" = $1 LIMIT $2[0m  [["id", 2], ["LIMIT", 1]]
  ↳ app/controllers/cats_controller.rb:18
  Rendering cats/show.html.erb within layouts/application
  Rendered cats/show.html.erb within layouts/application (1.2ms)
Completed 200 OK in 26ms (Views: 23.4ms | ActiveRecord: 1.1ms)


Started GET "/cats/2" for ::1 at 2020-10-09 16:54:49 -0400
Processing by CatsController#show as HTML
  Parameters: {"id"=>"2"}
  [1m[36mCat Load (0.4ms)[0m  [1m[34mSELECT  "cats".* FROM "cats" WHERE "cats"."id" = $1 LIMIT $2[0m  [["id", 2], ["LIMIT", 1]]
  ↳ app/controllers/cats_controller.rb:18
  Rendering cats/show.html.erb within layouts/application
  Rendered cats/show.html.erb within layouts/application (0.9ms)
Completed 200 OK in 17ms (Views: 15.3ms | ActiveRecord: 0.4ms)


Started GET "/cats/2" for ::1 at 2020-10-09 16:55:21 -0400
Processing by CatsController#show as HTML
  Parameters: {"id"=>"2"}
  [1m[36mCat Load (0.2ms)[0m  [1m[34mSELECT  "cats".* FROM "cats" WHERE "cats"."id" = $1 LIMIT $2[0m  [["id", 2], ["LIMIT", 1]]
  ↳ app/controllers/cats_controller.rb:18
  Rendering cats/show.html.erb within layouts/application
  Rendered cats/show.html.erb within layouts/application (0.5ms)
Completed 200 OK in 14ms (Views: 13.1ms | ActiveRecord: 0.2ms)


Started GET "/cats/2" for ::1 at 2020-10-09 16:55:31 -0400
Processing by CatsController#show as HTML
  Parameters: {"id"=>"2"}
  [1m[36mCat Load (0.2ms)[0m  [1m[34mSELECT  "cats".* FROM "cats" WHERE "cats"."id" = $1 LIMIT $2[0m  [["id", 2], ["LIMIT", 1]]
  ↳ app/controllers/cats_controller.rb:18
  Rendering cats/show.html.erb within layouts/application
  Rendered cats/show.html.erb within layouts/application (0.6ms)
Completed 200 OK in 24ms (Views: 22.8ms | ActiveRecord: 0.2ms)


Started GET "/cats/2" for ::1 at 2020-10-09 16:55:42 -0400
Processing by CatsController#show as HTML
  Parameters: {"id"=>"2"}
  [1m[36mCat Load (0.2ms)[0m  [1m[34mSELECT  "cats".* FROM "cats" WHERE "cats"."id" = $1 LIMIT $2[0m  [["id", 2], ["LIMIT", 1]]
  ↳ app/controllers/cats_controller.rb:18
  Rendering cats/show.html.erb within layouts/application
  Rendered cats/show.html.erb within layouts/application (0.8ms)
Completed 200 OK in 17ms (Views: 16.1ms | ActiveRecord: 0.2ms)


Started GET "/cats/2" for ::1 at 2020-10-09 16:55:43 -0400
Processing by CatsController#show as HTML
  Parameters: {"id"=>"2"}
  [1m[36mCat Load (0.2ms)[0m  [1m[34mSELECT  "cats".* FROM "cats" WHERE "cats"."id" = $1 LIMIT $2[0m  [["id", 2], ["LIMIT", 1]]
  ↳ app/controllers/cats_controller.rb:18
  Rendering cats/show.html.erb within layouts/application
  Rendered cats/show.html.erb within layouts/application (0.6ms)
Completed 200 OK in 15ms (Views: 14.0ms | ActiveRecord: 0.2ms)


Started GET "/cats/2" for ::1 at 2020-10-09 16:55:47 -0400
Processing by CatsController#show as HTML
  Parameters: {"id"=>"2"}
  [1m[36mCat Load (0.2ms)[0m  [1m[34mSELECT  "cats".* FROM "cats" WHERE "cats"."id" = $1 LIMIT $2[0m  [["id", 2], ["LIMIT", 1]]
  ↳ app/controllers/cats_controller.rb:18
  Rendering cats/show.html.erb within layouts/application
  Rendered cats/show.html.erb within layouts/application (0.7ms)
Completed 200 OK in 21ms (Views: 20.2ms | ActiveRecord: 0.2ms)


Started GET "/cats/1" for ::1 at 2020-10-09 16:56:00 -0400
Processing by CatsController#show as HTML
  Parameters: {"id"=>"1"}
  [1m[36mCat Load (0.2ms)[0m  [1m[34mSELECT  "cats".* FROM "cats" WHERE "cats"."id" = $1 LIMIT $2[0m  [["id", 1], ["LIMIT", 1]]
  ↳ app/controllers/cats_controller.rb:18
  Rendering cats/show.html.erb within layouts/application
  Rendered cats/show.html.erb within layouts/application (0.7ms)
Completed 200 OK in 16ms (Views: 14.8ms | ActiveRecord: 0.2ms)


Started GET "/cats" for ::1 at 2020-10-09 16:57:30 -0400
Processing by CatsController#index as HTML
  Rendering cats/index.html.erb within layouts/application
  [1m[36mCat Load (0.7ms)[0m  [1m[34mSELECT "cats".* FROM "cats"[0m
  ↳ app/views/cats/index.html.erb:4
  Rendered cats/index.html.erb within layouts/application (2.7ms)
Completed 200 OK in 18ms (Views: 16.6ms | ActiveRecord: 0.7ms)


Started GET "/cats/2" for ::1 at 2020-10-09 16:57:33 -0400
Processing by CatsController#show as HTML
  Parameters: {"id"=>"2"}
  [1m[36mCat Load (0.2ms)[0m  [1m[34mSELECT  "cats".* FROM "cats" WHERE "cats"."id" = $1 LIMIT $2[0m  [["id", 2], ["LIMIT", 1]]
  ↳ app/controllers/cats_controller.rb:18
  Rendering cats/show.html.erb within layouts/application
  Rendered cats/show.html.erb within layouts/application (0.6ms)
Completed 200 OK in 17ms (Views: 16.0ms | ActiveRecord: 0.2ms)


Started GET "/cats/new" for ::1 at 2020-10-09 17:15:26 -0400
Processing by CatsController#new as HTML
  Rendering cats/new.html.erb within layouts/application
  Rendered cats/new.html.erb within layouts/application (0.4ms)
Completed 200 OK in 37ms (Views: 14.9ms | ActiveRecord: 12.2ms)


Started GET "/cats/new" for ::1 at 2020-10-09 17:15:36 -0400
Processing by CatsController#new as HTML
  Rendering cats/new.html.erb within layouts/application
  Rendered cats/new.html.erb within layouts/application (0.7ms)
Completed 200 OK in 15ms (Views: 13.9ms | ActiveRecord: 0.0ms)


Started GET "/cats/new" for ::1 at 2020-10-09 17:16:08 -0400
Processing by CatsController#new as HTML
  Rendering cats/new.html.erb within layouts/application
  Rendered cats/new.html.erb within layouts/application (0.3ms)
Completed 200 OK in 15ms (Views: 14.2ms | ActiveRecord: 0.0ms)


Started GET "/cats/new" for ::1 at 2020-10-09 19:36:16 -0400
  [1m[35m (0.7ms)[0m  [1m[34mSELECT "schema_migrations"."version" FROM "schema_migrations" ORDER BY "schema_migrations"."version" ASC[0m
  ↳ /Users/michellelin/.rbenv/versions/2.7.1/lib/ruby/gems/2.7.0/gems/activerecord-5.2.4.4/lib/active_record/log_subscriber.rb:98
Processing by CatsController#new as HTML
  Rendering cats/new.html.erb within layouts/application
  Rendered cats/_form.html.erb (0.6ms)
  Rendered cats/new.html.erb within layouts/application (2.0ms)
Completed 200 OK in 184ms (Views: 167.3ms | ActiveRecord: 5.0ms)


Started GET "/cats" for ::1 at 2020-10-09 19:36:19 -0400
Processing by CatsController#index as HTML
  Rendering cats/index.html.erb within layouts/application
  [1m[36mCat Load (0.5ms)[0m  [1m[34mSELECT "cats".* FROM "cats"[0m
  ↳ app/views/cats/index.html.erb:4
  Rendered cats/index.html.erb within layouts/application (1.9ms)
Completed 200 OK in 14ms (Views: 13.3ms | ActiveRecord: 0.5ms)


Started GET "/cats" for ::1 at 2020-10-09 22:50:18 -0400
Processing by CatsController#index as HTML
  Rendering cats/index.html.erb within layouts/application
  [1m[36mCat Load (0.7ms)[0m  [1m[34mSELECT "cats".* FROM "cats"[0m
  ↳ app/views/cats/index.html.erb:4
  Rendered cats/index.html.erb within layouts/application (1.8ms)
Completed 200 OK in 13ms (Views: 12.3ms | ActiveRecord: 0.7ms)


Started GET "/cats/1" for ::1 at 2020-10-09 22:50:50 -0400
Processing by CatsController#show as HTML
  Parameters: {"id"=>"1"}
  [1m[36mCat Load (0.2ms)[0m  [1m[34mSELECT  "cats".* FROM "cats" WHERE "cats"."id" = $1 LIMIT $2[0m  [["id", 1], ["LIMIT", 1]]
  ↳ app/controllers/cats_controller.rb:26
  Rendering cats/show.html.erb within layouts/application
  Rendered cats/show.html.erb within layouts/application (0.6ms)
Completed 200 OK in 17ms (Views: 9.9ms | ActiveRecord: 0.5ms)


Started GET "/cats/2" for ::1 at 2020-10-09 22:50:58 -0400
Processing by CatsController#show as HTML
  Parameters: {"id"=>"2"}
  [1m[36mCat Load (0.3ms)[0m  [1m[34mSELECT  "cats".* FROM "cats" WHERE "cats"."id" = $1 LIMIT $2[0m  [["id", 2], ["LIMIT", 1]]
  ↳ app/controllers/cats_controller.rb:26
  Rendering cats/show.html.erb within layouts/application
  Rendered cats/show.html.erb within layouts/application (0.5ms)
Completed 200 OK in 13ms (Views: 11.6ms | ActiveRecord: 0.3ms)


Started GET "/cats/new" for ::1 at 2020-10-09 22:51:06 -0400
Processing by CatsController#new as HTML
  Rendering cats/new.html.erb within layouts/application
  Rendered cats/_form.html.erb (0.5ms)
  Rendered cats/new.html.erb within layouts/application (1.3ms)
Completed 200 OK in 13ms (Views: 12.2ms | ActiveRecord: 0.0ms)


Started POST "/cats" for ::1 at 2020-10-09 22:51:13 -0400
Processing by CatsController#create as HTML
  Parameters: {"cat"=>{"name"=>"xixi", "sex"=>""}}
  [1m[35m (0.1ms)[0m  [1m[35mBEGIN[0m
  ↳ app/controllers/cats_controller.rb:10
  [1m[35m (0.2ms)[0m  [1m[31mROLLBACK[0m
  ↳ app/controllers/cats_controller.rb:10
Completed 422 Unprocessable Entity in 12ms (Views: 0.2ms | ActiveRecord: 0.3ms)


Started POST "/cats" for ::1 at 2020-10-09 22:51:18 -0400
Processing by CatsController#create as HTML
  Parameters: {"cat"=>{"name"=>"xixi", "sex"=>""}}
  [1m[35m (0.1ms)[0m  [1m[35mBEGIN[0m
  ↳ app/controllers/cats_controller.rb:10
  [1m[35m (0.1ms)[0m  [1m[31mROLLBACK[0m
  ↳ app/controllers/cats_controller.rb:10
Completed 422 Unprocessable Entity in 4ms (Views: 0.1ms | ActiveRecord: 0.2ms)


Started POST "/cats" for ::1 at 2020-10-09 22:51:20 -0400
Processing by CatsController#create as HTML
  Parameters: {"cat"=>{"name"=>"xixi", "sex"=>""}}
  [1m[35m (0.1ms)[0m  [1m[35mBEGIN[0m
  ↳ app/controllers/cats_controller.rb:10
  [1m[35m (0.1ms)[0m  [1m[31mROLLBACK[0m
  ↳ app/controllers/cats_controller.rb:10
Completed 422 Unprocessable Entity in 4ms (Views: 0.1ms | ActiveRecord: 0.2ms)


Started GET "/cats/2" for ::1 at 2020-10-09 22:51:35 -0400
Processing by CatsController#show as HTML
  Parameters: {"id"=>"2"}
  [1m[36mCat Load (0.3ms)[0m  [1m[34mSELECT  "cats".* FROM "cats" WHERE "cats"."id" = $1 LIMIT $2[0m  [["id", 2], ["LIMIT", 1]]
  ↳ app/controllers/cats_controller.rb:26
  Rendering cats/show.html.erb within layouts/application
  Rendered cats/show.html.erb within layouts/application (0.6ms)
Completed 200 OK in 13ms (Views: 11.9ms | ActiveRecord: 0.3ms)


Started DELETE "/cats/2" for ::1 at 2020-10-09 22:51:38 -0400
Processing by CatsController#destroy as HTML
  Parameters: {"id"=>"2"}
No template found for CatsController#destroy, rendering head :no_content
Completed 204 No Content in 27ms (ActiveRecord: 0.0ms)


Started GET "/cats/2" for ::1 at 2020-10-10 14:50:56 -0400
Processing by CatsController#show as HTML
  Parameters: {"id"=>"2"}
  [1m[36mCat Load (3.0ms)[0m  [1m[34mSELECT  "cats".* FROM "cats" WHERE "cats"."id" = $1 LIMIT $2[0m  [["id", 2], ["LIMIT", 1]]
  ↳ app/controllers/cats_controller.rb:26
  Rendering cats/show.html.erb within layouts/application
  Rendered cats/show.html.erb within layouts/application (6.4ms)
Completed 200 OK in 61ms (Views: 39.7ms | ActiveRecord: 3.2ms)


Started GET "/cats/2" for ::1 at 2020-10-10 14:50:56 -0400
Processing by CatsController#show as HTML
  Parameters: {"id"=>"2"}
  [1m[36mCat Load (0.3ms)[0m  [1m[34mSELECT  "cats".* FROM "cats" WHERE "cats"."id" = $1 LIMIT $2[0m  [["id", 2], ["LIMIT", 1]]
  ↳ app/controllers/cats_controller.rb:26
  Rendering cats/show.html.erb within layouts/application
  Rendered cats/show.html.erb within layouts/application (0.7ms)
Completed 200 OK in 15ms (Views: 13.7ms | ActiveRecord: 0.3ms)


Started GET "/cats/new" for ::1 at 2020-10-10 14:51:00 -0400
Processing by CatsController#new as HTML
  Rendering cats/new.html.erb within layouts/application
  Rendered cats/_form.html.erb (0.7ms)
  Rendered cats/new.html.erb within layouts/application (2.1ms)
Completed 200 OK in 16ms (Views: 15.5ms | ActiveRecord: 0.0ms)


Started POST "/cats" for ::1 at 2020-10-10 14:51:05 -0400
Processing by CatsController#create as HTML
  Parameters: {"cat"=>{"name"=>"", "sex"=>""}}
  [1m[35m (0.2ms)[0m  [1m[35mBEGIN[0m
  ↳ app/controllers/cats_controller.rb:10
  [1m[35m (4.9ms)[0m  [1m[31mROLLBACK[0m
  ↳ app/controllers/cats_controller.rb:10
Completed 422 Unprocessable Entity in 17ms (Views: 0.3ms | ActiveRecord: 5.0ms)


Started GET "/cats/new" for ::1 at 2020-10-10 14:51:43 -0400
Processing by CatsController#new as HTML
  Rendering cats/new.html.erb within layouts/application
  Rendered cats/_form.html.erb (0.6ms)
  Rendered cats/new.html.erb within layouts/application (1.4ms)
Completed 200 OK in 13ms (Views: 13.1ms | ActiveRecord: 0.0ms)


Started GET "/cats/new" for ::1 at 2020-10-10 14:51:50 -0400
Processing by CatsController#new as HTML
  Rendering cats/new.html.erb within layouts/application
  Rendered cats/_form.html.erb (0.5ms)
  Rendered cats/new.html.erb within layouts/application (1.2ms)
Completed 200 OK in 12ms (Views: 11.6ms | ActiveRecord: 0.0ms)


Started GET "/cats" for ::1 at 2020-10-10 20:16:08 -0400
Processing by CatsController#index as HTML
  Rendering cats/index.html.erb within layouts/application
  [1m[36mCat Load (6.5ms)[0m  [1m[34mSELECT "cats".* FROM "cats"[0m
  ↳ app/views/cats/index.html.erb:4
  Rendered cats/index.html.erb within layouts/application (15.2ms)
Completed 200 OK in 49ms (Views: 35.5ms | ActiveRecord: 6.5ms)


Started GET "/cats/1" for ::1 at 2020-10-10 20:16:30 -0400
Processing by CatsController#show as HTML
  Parameters: {"id"=>"1"}
  [1m[36mCat Load (4.3ms)[0m  [1m[34mSELECT  "cats".* FROM "cats" WHERE "cats"."id" = $1 LIMIT $2[0m  [["id", 1], ["LIMIT", 1]]
  ↳ app/controllers/cats_controller.rb:26
  Rendering cats/show.html.erb within layouts/application
  Rendered cats/show.html.erb within layouts/application (2.3ms)
Completed 200 OK in 24ms (Views: 18.0ms | ActiveRecord: 4.4ms)


Started GET "/cats/1/edit" for ::1 at 2020-10-10 20:16:33 -0400
Processing by CatsController#edit as HTML
  Parameters: {"id"=>"1"}
Completed 406 Not Acceptable in 32ms (ActiveRecord: 0.0ms)



ActionController::UnknownFormat - CatsController#edit is missing a template for this request format and variant.
request.formats: ["text/html"]
request.variant: []
NOTE! For XHR/Ajax or API requests, this action would normally respond with 204 No Content: an empty white screen. Since you're loading it in a web browser, we assume that you expected to actually render a template, not nothing, so we're showing an error to be extra-clear. If you expect 204 No Content, carry on. That's what you'll get from an XHR or API request. Give it a shot.:

Started POST "/__better_errors/12f492b526732641/variables" for ::1 at 2020-10-10 20:16:33 -0400
Started GET "/cats/1" for ::1 at 2020-10-10 20:16:37 -0400
Processing by CatsController#show as HTML
  Parameters: {"id"=>"1"}
  [1m[36mCat Load (0.4ms)[0m  [1m[34mSELECT  "cats".* FROM "cats" WHERE "cats"."id" = $1 LIMIT $2[0m  [["id", 1], ["LIMIT", 1]]
  ↳ app/controllers/cats_controller.rb:26
  Rendering cats/show.html.erb within layouts/application
  Rendered cats/show.html.erb within layouts/application (0.8ms)
Completed 200 OK in 17ms (Views: 15.8ms | ActiveRecord: 0.4ms)


Started GET "/cats/new" for ::1 at 2020-10-10 20:16:42 -0400
Processing by CatsController#new as HTML
  Rendering cats/new.html.erb within layouts/application
  Rendered cats/_form.html.erb (0.5ms)
  Rendered cats/new.html.erb within layouts/application (2.1ms)
Completed 200 OK in 17ms (Views: 16.5ms | ActiveRecord: 0.0ms)


Started GET "/cats" for ::1 at 2020-10-10 20:27:23 -0400
Processing by CatsController#index as HTML
  Rendering cats/index.html.erb within layouts/application
  [1m[36mCat Load (1.3ms)[0m  [1m[34mSELECT "cats".* FROM "cats"[0m
  ↳ app/views/cats/index.html.erb:4
  Rendered cats/index.html.erb within layouts/application (2.8ms)
Completed 200 OK in 25ms (Views: 23.2ms | ActiveRecord: 1.3ms)


Started GET "/cats" for ::1 at 2020-10-10 20:27:25 -0400
Processing by CatsController#index as HTML
  Rendering cats/index.html.erb within layouts/application
  [1m[36mCat Load (0.3ms)[0m  [1m[34mSELECT "cats".* FROM "cats"[0m
  ↳ app/views/cats/index.html.erb:4
  Rendered cats/index.html.erb within layouts/application (1.5ms)
Completed 200 OK in 17ms (Views: 15.6ms | ActiveRecord: 0.3ms)


Started GET "/cats" for ::1 at 2020-10-10 20:27:28 -0400
Processing by CatsController#index as HTML
  Rendering cats/index.html.erb within layouts/application
  [1m[36mCat Load (0.2ms)[0m  [1m[34mSELECT "cats".* FROM "cats"[0m
  ↳ app/views/cats/index.html.erb:4
  Rendered cats/index.html.erb within layouts/application (1.2ms)
Completed 200 OK in 12ms (Views: 11.5ms | ActiveRecord: 0.2ms)


Started GET "/cats" for ::1 at 2020-10-10 20:27:53 -0400
Processing by CatsController#index as HTML
  Rendering cats/index.html.erb within layouts/application
  [1m[36mCat Load (0.4ms)[0m  [1m[34mSELECT "cats".* FROM "cats"[0m
  ↳ app/views/cats/index.html.erb:4
  Rendered cats/index.html.erb within layouts/application (1.2ms)
Completed 200 OK in 14ms (Views: 13.2ms | ActiveRecord: 0.4ms)


Started GET "/cats/new" for ::1 at 2020-10-10 20:27:55 -0400
Processing by CatsController#new as HTML
  Rendering cats/new.html.erb within layouts/application
  Rendered cats/_form.html.erb (0.5ms)
  Rendered cats/new.html.erb within layouts/application (1.3ms)
Completed 200 OK in 15ms (Views: 14.7ms | ActiveRecord: 0.0ms)


Started GET "/cats/1" for ::1 at 2020-10-10 20:37:57 -0400
Processing by CatsController#show as HTML
  Parameters: {"id"=>"1"}
  [1m[36mCat Load (0.5ms)[0m  [1m[34mSELECT  "cats".* FROM "cats" WHERE "cats"."id" = $1 LIMIT $2[0m  [["id", 1], ["LIMIT", 1]]
  ↳ app/controllers/cats_controller.rb:26
  Rendering cats/show.html.erb within layouts/application
  Rendered cats/show.html.erb within layouts/application (1.3ms)
Completed 200 OK in 29ms (Views: 26.7ms | ActiveRecord: 0.6ms)


Started GET "/cats/new" for ::1 at 2020-10-10 20:38:02 -0400
Processing by CatsController#new as HTML
  Rendering cats/new.html.erb within layouts/application
  Rendered cats/_form.html.erb (0.6ms)
  Rendered cats/new.html.erb within layouts/application (1.4ms)
Completed 200 OK in 16ms (Views: 15.3ms | ActiveRecord: 0.0ms)


Started GET "/cats/new" for ::1 at 2020-10-11 02:11:57 -0400
Processing by CatsController#new as HTML
  Rendering cats/new.html.erb within layouts/application
  Rendered cats/_form.html.erb (0.7ms)
  Rendered cats/new.html.erb within layouts/application (1.4ms)
Completed 500 Internal Server Error in 3ms (ActiveRecord: 0.0ms)



SyntaxError - syntax error, unexpected end-of-input, expecting `end':
  app/views/cats/_form.html.erb:52:in `'
  app/views/cats/new.html.erb:2:in `_app_views_cats_new_html_erb__2814124774822853826_17200'
  app/controllers/cats_controller.rb:19:in `new'

Started POST "/__better_errors/b1cfe024dc780bb2/variables" for ::1 at 2020-10-11 02:11:57 -0400
Started GET "/cats/new" for ::1 at 2020-10-11 02:12:10 -0400
Processing by CatsController#new as HTML
  Rendering cats/new.html.erb within layouts/application
  Rendered cats/_form.html.erb (3.1ms)
  Rendered cats/new.html.erb within layouts/application (3.8ms)
Completed 500 Internal Server Error in 6ms (ActiveRecord: 0.0ms)



LoadError - Unable to autoload constant CAT, expected /Users/michellelin/Desktop/W6D5/ninety_nine_cats/app/models/cat.rb to define it:
  app/views/cats/_form.html.erb:40:in `_app_views_cats__form_html_erb___1027652805205004888_17320'
  app/views/cats/new.html.erb:2:in `_app_views_cats_new_html_erb__2814124774822853826_17300'
  app/controllers/cats_controller.rb:19:in `new'

Started POST "/__better_errors/b60e0aa9787dc39f/variables" for ::1 at 2020-10-11 02:12:10 -0400
Started GET "/cats/new" for ::1 at 2020-10-11 02:12:46 -0400
Processing by CatsController#new as HTML
  Rendering cats/new.html.erb within layouts/application
  Rendered cats/_form.html.erb (0.4ms)
  Rendered cats/new.html.erb within layouts/application (1.1ms)
Completed 200 OK in 17ms (Views: 16.5ms | ActiveRecord: 0.0ms)


Started GET "/cats/new" for ::1 at 2020-10-11 02:13:00 -0400
Processing by CatsController#new as HTML
  Rendering cats/new.html.erb within layouts/application
  Rendered cats/_form.html.erb (0.4ms)
  Rendered cats/new.html.erb within layouts/application (1.1ms)
Completed 200 OK in 10ms (Views: 10.0ms | ActiveRecord: 0.0ms)


Started GET "/cats/new" for ::1 at 2020-10-11 02:21:20 -0400
Processing by CatsController#new as HTML
  Rendering cats/new.html.erb within layouts/application
  Rendered cats/_form.html.erb (0.5ms)
  Rendered cats/new.html.erb within layouts/application (1.3ms)
Completed 200 OK in 12ms (Views: 11.3ms | ActiveRecord: 0.0ms)


Started GET "/cats/new" for ::1 at 2020-10-11 02:21:26 -0400
Processing by CatsController#new as HTML
  Rendering cats/new.html.erb within layouts/application
  Rendered cats/_form.html.erb (0.5ms)
  Rendered cats/new.html.erb within layouts/application (1.2ms)
Completed 200 OK in 11ms (Views: 10.7ms | ActiveRecord: 0.0ms)


Started GET "/cats/new" for ::1 at 2020-10-11 02:21:28 -0400
Processing by CatsController#new as HTML
  Rendering cats/new.html.erb within layouts/application
  Rendered cats/_form.html.erb (0.5ms)
  Rendered cats/new.html.erb within layouts/application (1.4ms)
Completed 200 OK in 13ms (Views: 12.6ms | ActiveRecord: 0.0ms)


Started GET "/cats/new" for ::1 at 2020-10-11 02:21:33 -0400
Processing by CatsController#new as HTML
  Rendering cats/new.html.erb within layouts/application
  Rendered cats/_form.html.erb (1.3ms)
  Rendered cats/new.html.erb within layouts/application (2.1ms)
Completed 200 OK in 25ms (Views: 24.4ms | ActiveRecord: 0.0ms)


Started GET "/cats/new" for ::1 at 2020-10-11 02:22:14 -0400
Processing by CatsController#new as HTML
  Rendering cats/new.html.erb within layouts/application
  Rendered cats/_form.html.erb (1.1ms)
  Rendered cats/new.html.erb within layouts/application (1.9ms)
Completed 200 OK in 21ms (Views: 20.7ms | ActiveRecord: 0.0ms)


Started GET "/cats/new" for ::1 at 2020-10-11 02:22:15 -0400
Processing by CatsController#new as HTML
  Rendering cats/new.html.erb within layouts/application
  Rendered cats/_form.html.erb (0.7ms)
  Rendered cats/new.html.erb within layouts/application (2.4ms)
Completed 200 OK in 24ms (Views: 24.0ms | ActiveRecord: 0.0ms)


Started GET "/cats/new" for ::1 at 2020-10-11 02:22:36 -0400
Processing by CatsController#new as HTML
  Rendering cats/new.html.erb within layouts/application
  Rendered cats/_form.html.erb (0.4ms)
  Rendered cats/new.html.erb within layouts/application (1.3ms)
Completed 200 OK in 13ms (Views: 13.0ms | ActiveRecord: 0.0ms)


Started GET "/cats/new" for ::1 at 2020-10-11 02:22:37 -0400
Processing by CatsController#new as HTML
  Rendering cats/new.html.erb within layouts/application
  Rendered cats/_form.html.erb (0.8ms)
  Rendered cats/new.html.erb within layouts/application (1.5ms)
Completed 200 OK in 16ms (Views: 15.6ms | ActiveRecord: 0.0ms)


Started GET "/cats/new" for ::1 at 2020-10-11 02:22:38 -0400
Processing by CatsController#new as HTML
  Rendering cats/new.html.erb within layouts/application
  Rendered cats/_form.html.erb (0.5ms)
  Rendered cats/new.html.erb within layouts/application (1.5ms)
Completed 200 OK in 16ms (Views: 15.3ms | ActiveRecord: 0.0ms)


Started GET "/cats/new" for ::1 at 2020-10-11 02:23:18 -0400
Processing by CatsController#new as HTML
  Rendering cats/new.html.erb within layouts/application
  Rendered cats/_form.html.erb (0.5ms)
  Rendered cats/new.html.erb within layouts/application (1.3ms)
Completed 200 OK in 18ms (Views: 17.5ms | ActiveRecord: 0.0ms)


Started GET "/cats/new" for ::1 at 2020-10-11 02:23:18 -0400
Processing by CatsController#new as HTML
  Rendering cats/new.html.erb within layouts/application
  Rendered cats/_form.html.erb (1.6ms)
  Rendered cats/new.html.erb within layouts/application (2.4ms)
Completed 200 OK in 24ms (Views: 23.2ms | ActiveRecord: 0.0ms)


Started GET "/cats/new" for ::1 at 2020-10-11 02:23:19 -0400
Processing by CatsController#new as HTML
  Rendering cats/new.html.erb within layouts/application
  Rendered cats/_form.html.erb (0.8ms)
  Rendered cats/new.html.erb within layouts/application (1.7ms)
Completed 200 OK in 34ms (Views: 33.6ms | ActiveRecord: 0.0ms)


Started GET "/cats/new" for ::1 at 2020-10-11 02:25:21 -0400
Processing by CatsController#new as HTML
  Rendering cats/new.html.erb within layouts/application
  Rendered cats/_form.html.erb (0.5ms)
  Rendered cats/new.html.erb within layouts/application (1.3ms)
Completed 200 OK in 13ms (Views: 12.9ms | ActiveRecord: 0.0ms)


Started GET "/cats/new" for ::1 at 2020-10-11 02:25:22 -0400
Processing by CatsController#new as HTML
  Rendering cats/new.html.erb within layouts/application
  Rendered cats/_form.html.erb (0.7ms)
  Rendered cats/new.html.erb within layouts/application (1.6ms)
Completed 200 OK in 15ms (Views: 14.2ms | ActiveRecord: 0.0ms)


Started GET "/cats/new" for ::1 at 2020-10-11 02:27:08 -0400
Processing by CatsController#new as HTML
  Rendering cats/new.html.erb within layouts/application
  Rendered cats/_form.html.erb (0.6ms)
  Rendered cats/new.html.erb within layouts/application (1.5ms)
Completed 200 OK in 17ms (Views: 17.0ms | ActiveRecord: 0.0ms)


Started GET "/cats/new" for ::1 at 2020-10-11 02:27:09 -0400
Processing by CatsController#new as HTML
  Rendering cats/new.html.erb within layouts/application
  Rendered cats/_form.html.erb (0.6ms)
  Rendered cats/new.html.erb within layouts/application (1.4ms)
Completed 200 OK in 14ms (Views: 13.2ms | ActiveRecord: 0.0ms)


Started GET "/cats/new" for ::1 at 2020-10-11 02:27:14 -0400
Processing by CatsController#new as HTML
  Rendering cats/new.html.erb within layouts/application
  Rendered cats/_form.html.erb (0.5ms)
  Rendered cats/new.html.erb within layouts/application (1.3ms)
Completed 200 OK in 14ms (Views: 13.1ms | ActiveRecord: 0.0ms)


Started GET "/cats/new" for ::1 at 2020-10-11 02:29:05 -0400
Processing by CatsController#new as HTML
  Rendering cats/new.html.erb within layouts/application
  Rendered cats/_form.html.erb (0.6ms)
  Rendered cats/new.html.erb within layouts/application (1.4ms)
Completed 200 OK in 14ms (Views: 13.9ms | ActiveRecord: 0.0ms)


Started GET "/cats/new" for ::1 at 2020-10-11 02:29:08 -0400
Processing by CatsController#new as HTML
  Rendering cats/new.html.erb within layouts/application
  Rendered cats/_form.html.erb (0.5ms)
  Rendered cats/new.html.erb within layouts/application (1.3ms)
Completed 200 OK in 13ms (Views: 12.2ms | ActiveRecord: 0.0ms)


Started GET "/cats/new" for ::1 at 2020-10-11 02:29:09 -0400
Processing by CatsController#new as HTML
  Rendering cats/new.html.erb within layouts/application
  Rendered cats/_form.html.erb (0.6ms)
  Rendered cats/new.html.erb within layouts/application (1.5ms)
Completed 200 OK in 19ms (Views: 18.2ms | ActiveRecord: 0.0ms)


Started GET "/cats/new" for ::1 at 2020-10-11 02:29:09 -0400
Processing by CatsController#new as HTML
  Rendering cats/new.html.erb within layouts/application
  Rendered cats/_form.html.erb (0.8ms)
  Rendered cats/new.html.erb within layouts/application (1.6ms)
Completed 200 OK in 18ms (Views: 17.9ms | ActiveRecord: 0.0ms)


Started GET "/cats/new" for ::1 at 2020-10-11 02:29:30 -0400
Processing by CatsController#new as HTML
  Rendering cats/new.html.erb within layouts/application
  Rendered cats/_form.html.erb (0.8ms)
  Rendered cats/new.html.erb within layouts/application (1.6ms)
Completed 200 OK in 22ms (Views: 21.1ms | ActiveRecord: 0.0ms)


Started GET "/cats/new" for ::1 at 2020-10-11 02:29:31 -0400
Processing by CatsController#new as HTML
  Rendering cats/new.html.erb within layouts/application
  Rendered cats/_form.html.erb (0.7ms)
  Rendered cats/new.html.erb within layouts/application (1.5ms)
Completed 200 OK in 15ms (Views: 14.4ms | ActiveRecord: 0.0ms)


Started GET "/cats/new" for ::1 at 2020-10-11 02:29:31 -0400
Processing by CatsController#new as HTML
  Rendering cats/new.html.erb within layouts/application
  Rendered cats/_form.html.erb (0.6ms)
  Rendered cats/new.html.erb within layouts/application (1.3ms)
Completed 200 OK in 12ms (Views: 12.1ms | ActiveRecord: 0.0ms)


Started GET "/cats/new" for ::1 at 2020-10-11 02:29:31 -0400
Processing by CatsController#new as HTML
  Rendering cats/new.html.erb within layouts/application
  Rendered cats/_form.html.erb (0.6ms)
  Rendered cats/new.html.erb within layouts/application (1.5ms)
Completed 200 OK in 14ms (Views: 13.9ms | ActiveRecord: 0.0ms)


Started GET "/cats/new" for ::1 at 2020-10-11 02:29:35 -0400
Processing by CatsController#new as HTML
  Rendering cats/new.html.erb within layouts/application
  Rendered cats/_form.html.erb (0.6ms)
  Rendered cats/new.html.erb within layouts/application (1.3ms)
Completed 200 OK in 12ms (Views: 12.0ms | ActiveRecord: 0.0ms)


Started GET "/cats/new" for ::1 at 2020-10-11 02:29:36 -0400
Processing by CatsController#new as HTML
  Rendering cats/new.html.erb within layouts/application
  Rendered cats/_form.html.erb (0.5ms)
  Rendered cats/new.html.erb within layouts/application (1.3ms)
Completed 200 OK in 15ms (Views: 14.4ms | ActiveRecord: 0.0ms)


Started GET "/cats/new" for ::1 at 2020-10-11 02:32:21 -0400
Processing by CatsController#new as HTML
  Rendering cats/new.html.erb within layouts/application
  Rendered cats/_form.html.erb (0.8ms)
  Rendered cats/new.html.erb within layouts/application (1.5ms)
Completed 200 OK in 31ms (Views: 31.0ms | ActiveRecord: 0.0ms)


Started GET "/cats/new" for ::1 at 2020-10-11 02:32:22 -0400
Processing by CatsController#new as HTML
  Rendering cats/new.html.erb within layouts/application
  Rendered cats/_form.html.erb (0.6ms)
  Rendered cats/new.html.erb within layouts/application (1.5ms)
Completed 200 OK in 13ms (Views: 12.7ms | ActiveRecord: 0.0ms)


Started GET "/cats/new" for ::1 at 2020-10-11 02:32:22 -0400
Processing by CatsController#new as HTML
  Rendering cats/new.html.erb within layouts/application
  Rendered cats/_form.html.erb (0.7ms)
  Rendered cats/new.html.erb within layouts/application (1.6ms)
Completed 200 OK in 13ms (Views: 12.9ms | ActiveRecord: 0.0ms)


Started GET "/cats/new" for ::1 at 2020-10-11 02:32:57 -0400
Processing by CatsController#new as HTML
  Rendering cats/new.html.erb within layouts/application
  Rendered cats/_form.html.erb (172.0ms)
  Rendered cats/new.html.erb within layouts/application (172.8ms)
Completed 500 Internal Server Error in 174ms (ActiveRecord: 0.0ms)



NameError - undefined local variable or method `submit_text' for #<#<Class:0x00007f9287de32a0>:0x00007f9260be4138>
Did you mean?  submit_tag:
  app/views/cats/_form.html.erb:53:in `_app_views_cats__form_html_erb___1027652805205004888_20620'
  app/views/cats/new.html.erb:2:in `_app_views_cats_new_html_erb__2814124774822853826_20600'
  app/controllers/cats_controller.rb:19:in `new'

Started POST "/__better_errors/f86301c6552ce0ce/variables" for ::1 at 2020-10-11 02:32:57 -0400
Started GET "/cats/new" for ::1 at 2020-10-11 02:33:11 -0400
Processing by CatsController#new as HTML
  Rendering cats/new.html.erb within layouts/application
  Rendered cats/_form.html.erb (0.6ms)
  Rendered cats/new.html.erb within layouts/application (1.2ms)
Completed 200 OK in 65ms (Views: 64.7ms | ActiveRecord: 0.0ms)


Started GET "/cats/new" for ::1 at 2020-10-11 02:33:23 -0400
Processing by CatsController#new as HTML
  Rendering cats/new.html.erb within layouts/application
  Rendered cats/_form.html.erb (0.6ms)
  Rendered cats/new.html.erb within layouts/application (1.4ms)
Completed 200 OK in 12ms (Views: 12.1ms | ActiveRecord: 0.0ms)


Started GET "/cats/new" for ::1 at 2020-10-11 02:33:24 -0400
Processing by CatsController#new as HTML
  Rendering cats/new.html.erb within layouts/application
  Rendered cats/_form.html.erb (0.5ms)
  Rendered cats/new.html.erb within layouts/application (1.3ms)
Completed 200 OK in 11ms (Views: 11.2ms | ActiveRecord: 0.0ms)


Started GET "/cats/new" for ::1 at 2020-10-11 02:39:52 -0400
Processing by CatsController#new as HTML
  Rendering cats/new.html.erb within layouts/application
  Rendered cats/_form.html.erb (0.7ms)
  Rendered cats/new.html.erb within layouts/application (2.0ms)
Completed 200 OK in 17ms (Views: 17.1ms | ActiveRecord: 0.0ms)


Started GET "/cats" for ::1 at 2020-10-11 02:39:56 -0400
Processing by CatsController#index as HTML
  Rendering cats/index.html.erb within layouts/application
  [1m[36mCat Load (0.7ms)[0m  [1m[34mSELECT "cats".* FROM "cats"[0m
  ↳ app/views/cats/index.html.erb:4
  Rendered cats/index.html.erb within layouts/application (1.8ms)
Completed 200 OK in 13ms (Views: 11.8ms | ActiveRecord: 0.7ms)


Started GET "/cats/new" for ::1 at 2020-10-11 02:39:58 -0400
Processing by CatsController#new as HTML
  Rendering cats/new.html.erb within layouts/application
  Rendered cats/_form.html.erb (0.5ms)
  Rendered cats/new.html.erb within layouts/application (1.4ms)
Completed 200 OK in 12ms (Views: 11.4ms | ActiveRecord: 0.0ms)


Started GET "/cats" for ::1 at 2020-10-11 02:39:59 -0400
Processing by CatsController#index as HTML
  Rendering cats/index.html.erb within layouts/application
  [1m[36mCat Load (0.4ms)[0m  [1m[34mSELECT "cats".* FROM "cats"[0m
  ↳ app/views/cats/index.html.erb:4
  Rendered cats/index.html.erb within layouts/application (1.4ms)
Completed 200 OK in 12ms (Views: 11.4ms | ActiveRecord: 0.4ms)


Started GET "/cats/new" for ::1 at 2020-10-11 02:59:09 -0400
Processing by CatsController#new as HTML
  Rendering cats/new.html.erb within layouts/application
  Rendered cats/_form.html.erb (0.5ms)
  Rendered cats/new.html.erb within layouts/application (1.5ms)
Completed 200 OK in 17ms (Views: 16.3ms | ActiveRecord: 0.0ms)


Started GET "/cats/new" for ::1 at 2020-10-11 03:04:03 -0400
Processing by CatsController#new as HTML
  Rendering cats/new.html.erb within layouts/application
  Rendered cats/_form.html.erb (0.6ms)
  Rendered cats/new.html.erb within layouts/application (1.4ms)
Completed 200 OK in 12ms (Views: 11.6ms | ActiveRecord: 0.0ms)


Started GET "/cats/new" for ::1 at 2020-10-11 03:05:14 -0400
Processing by CatsController#new as HTML
  Rendering cats/new.html.erb within layouts/application
  Rendered cats/_form.html.erb (0.5ms)
  Rendered cats/new.html.erb within layouts/application (1.3ms)
Completed 200 OK in 12ms (Views: 11.6ms | ActiveRecord: 0.0ms)


Started GET "/cats/new" for ::1 at 2020-10-11 03:05:34 -0400
Processing by CatsController#new as HTML
  Rendering cats/new.html.erb within layouts/application
  Rendered cats/_form.html.erb (0.5ms)
  Rendered cats/new.html.erb within layouts/application (1.2ms)
Completed 200 OK in 10ms (Views: 10.1ms | ActiveRecord: 0.0ms)


Started GET "/cats/new" for ::1 at 2020-10-11 03:06:35 -0400
Processing by CatsController#new as HTML
  Rendering cats/new.html.erb within layouts/application
  Rendered cats/_form.html.erb (0.5ms)
  Rendered cats/new.html.erb within layouts/application (1.3ms)
Completed 200 OK in 10ms (Views: 9.9ms | ActiveRecord: 0.0ms)


Started GET "/cats/new" for ::1 at 2020-10-11 03:06:36 -0400
Processing by CatsController#new as HTML
  Rendering cats/new.html.erb within layouts/application
  Rendered cats/_form.html.erb (0.6ms)
  Rendered cats/new.html.erb within layouts/application (1.5ms)
Completed 200 OK in 12ms (Views: 11.6ms | ActiveRecord: 0.0ms)


Started GET "/cats/new" for ::1 at 2020-10-11 03:08:32 -0400
Processing by CatsController#new as HTML
  Rendering cats/new.html.erb within layouts/application
  Rendered cats/_form.html.erb (0.6ms)
  Rendered cats/new.html.erb within layouts/application (1.5ms)
Completed 200 OK in 12ms (Views: 12.0ms | ActiveRecord: 0.0ms)


Started GET "/cats/new" for ::1 at 2020-10-11 03:10:46 -0400
Processing by CatsController#new as HTML
  Rendering cats/new.html.erb within layouts/application
  Rendered cats/_form.html.erb (0.6ms)
  Rendered cats/new.html.erb within layouts/application (1.5ms)
Completed 200 OK in 29ms (Views: 28.8ms | ActiveRecord: 0.0ms)


Started GET "/cats/new" for ::1 at 2020-10-11 03:10:47 -0400
Processing by CatsController#new as HTML
  Rendering cats/new.html.erb within layouts/application
  Rendered cats/_form.html.erb (0.5ms)
  Rendered cats/new.html.erb within layouts/application (1.4ms)
Completed 200 OK in 13ms (Views: 12.6ms | ActiveRecord: 0.0ms)


Started GET "/cats/new" for ::1 at 2020-10-11 03:10:48 -0400
Processing by CatsController#new as HTML
  Rendering cats/new.html.erb within layouts/application
  Rendered cats/_form.html.erb (0.6ms)
  Rendered cats/new.html.erb within layouts/application (1.4ms)
Completed 200 OK in 13ms (Views: 12.5ms | ActiveRecord: 0.0ms)


Started GET "/cats/new" for ::1 at 2020-10-11 03:10:57 -0400
Processing by CatsController#new as HTML
  Rendering cats/new.html.erb within layouts/application
  Rendered cats/_form.html.erb (0.6ms)
  Rendered cats/new.html.erb within layouts/application (1.4ms)
Completed 200 OK in 11ms (Views: 10.9ms | ActiveRecord: 0.0ms)


Started GET "/cats/new" for ::1 at 2020-10-11 03:10:57 -0400
Processing by CatsController#new as HTML
  Rendering cats/new.html.erb within layouts/application
  Rendered cats/_form.html.erb (0.5ms)
  Rendered cats/new.html.erb within layouts/application (1.1ms)
Completed 200 OK in 11ms (Views: 10.2ms | ActiveRecord: 0.0ms)


Started GET "/cats/new" for ::1 at 2020-10-11 03:11:05 -0400
Processing by CatsController#new as HTML
  Rendering cats/new.html.erb within layouts/application
  Rendered cats/_form.html.erb (0.5ms)
  Rendered cats/new.html.erb within layouts/application (1.2ms)
Completed 200 OK in 11ms (Views: 10.6ms | ActiveRecord: 0.0ms)


Started GET "/cats/new" for ::1 at 2020-10-11 03:11:05 -0400
Processing by CatsController#new as HTML
  Rendering cats/new.html.erb within layouts/application
  Rendered cats/_form.html.erb (0.6ms)
  Rendered cats/new.html.erb within layouts/application (1.5ms)
Completed 200 OK in 13ms (Views: 12.6ms | ActiveRecord: 0.0ms)


Started GET "/cats/new" for ::1 at 2020-10-11 03:11:06 -0400
Processing by CatsController#new as HTML
  Rendering cats/new.html.erb within layouts/application
  Rendered cats/_form.html.erb (0.6ms)
  Rendered cats/new.html.erb within layouts/application (1.4ms)
Completed 200 OK in 13ms (Views: 12.2ms | ActiveRecord: 0.0ms)


Started GET "/cats/new" for ::1 at 2020-10-11 03:11:28 -0400
Processing by CatsController#new as HTML
  Rendering cats/new.html.erb within layouts/application
  Rendered cats/_form.html.erb (0.5ms)
  Rendered cats/new.html.erb within layouts/application (1.2ms)
Completed 200 OK in 11ms (Views: 10.8ms | ActiveRecord: 0.0ms)


Started GET "/cats/new" for ::1 at 2020-10-11 03:11:28 -0400
Processing by CatsController#new as HTML
  Rendering cats/new.html.erb within layouts/application
  Rendered cats/_form.html.erb (0.6ms)
  Rendered cats/new.html.erb within layouts/application (1.5ms)
Completed 200 OK in 13ms (Views: 12.3ms | ActiveRecord: 0.0ms)


